<testsuites>
  <testsuite name="SunSpec.Model.Test.dll" tests="1" skipped="0" failures="0" errors="0" time="0.2520252" timestamp="2024-10-07T15:28:44" hostname="mima" id="0" package="SunSpec.Model.Test.dll">
    <properties />
    <testcase classname="SunSpec.Model.Test.ModelTest" name="LoadModel" time="0.2520252" />
    <system-out>
Test Framework Informational Messages:
[xUnit.net 00:00:00.00] xUnit.net VSTest Adapter v2.5.3.1+6b60a9e56a (64-bit .NET 8.0.6)
[xUnit.net 00:00:00.04]   Discovering: SunSpec.Model.Test
[xUnit.net 00:00:00.07]   Discovered:  SunSpec.Model.Test
[xUnit.net 00:00:00.07]   Starting:    SunSpec.Model.Test
[xUnit.net 00:00:00.41]   Finished:    SunSpec.Model.Test
</system-out>
    <system-err></system-err>
  </testsuite>
</testsuites>